# JRE version: OpenJDK Runtime Environment (8.0_242-b01) (build 1.8.0_242-release-1644-b01)
# Java VM: OpenJDK 64-Bit Server VM (25.242-b01 mixed mode windows-amd64 compressed oops)
Heap:
 PSYoungGen      total 193536K, used 9851K [0x00000000d5580000, 0x00000000e2c00000, 0x0000000100000000)
  eden space 178176K, 5% used [0x00000000d5580000,0x00000000d5f1edd8,0x00000000e0380000)
  from space 15360K, 0% used [0x00000000e1380000,0x00000000e1380000,0x00000000e2280000)
  to   space 16384K, 0% used [0x00000000e0380000,0x00000000e0380000,0x00000000e1380000)
 ParOldGen       total 83456K, used 33974K [0x0000000080000000, 0x0000000085180000, 0x00000000d5580000)
  object space 83456K, 40% used [0x0000000080000000,0x000000008212d910,0x0000000085180000)
 Metaspace       used 56974K, capacity 59396K, committed 59736K, reserved 1101824K
  class space    used 7511K, capacity 8030K, committed 8064K, reserved 1048576K
GC Heap History (10 events):
Event: 3.665 GC heap before
{Heap before GC invocations=11 (full 2):
 PSYoungGen      total 111616K, used 7009K [0x00000000d5580000, 0x00000000df980000, 0x0000000100000000)
  eden space 99840K, 0% used [0x00000000d5580000,0x00000000d5580000,0x00000000db700000)
  from space 11776K, 59% used [0x00000000db700000,0x00000000dbdd86b8,0x00000000dc280000)
  to   space 11264K, 0% used [0x00000000dee80000,0x00000000dee80000,0x00000000df980000)
 ParOldGen       total 61440K, used 8965K [0x0000000080000000, 0x0000000083c00000, 0x00000000d5580000)
  object space 61440K, 14% used [0x0000000080000000,0x00000000808c1718,0x0000000083c00000)
 Metaspace       used 34178K, capacity 35318K, committed 35416K, reserved 1079296K
  class space    used 4623K, capacity 4916K, committed 4992K, reserved 1048576K
Event: 3.712 GC heap after
Heap after GC invocations=11 (full 2):
 PSYoungGen      total 111616K, used 0K [0x00000000d5580000, 0x00000000df980000, 0x0000000100000000)
  eden space 99840K, 0% used [0x00000000d5580000,0x00000000d5580000,0x00000000db700000)
  from space 11776K, 0% used [0x00000000db700000,0x00000000db700000,0x00000000dc280000)
  to   space 11264K, 0% used [0x00000000dee80000,0x00000000dee80000,0x00000000df980000)
 ParOldGen       total 83456K, used 13470K [0x0000000080000000, 0x0000000085180000, 0x00000000d5580000)
  object space 83456K, 16% used [0x0000000080000000,0x0000000080d279d8,0x0000000085180000)
 Metaspace       used 34178K, capacity 35318K, committed 35416K, reserved 1079296K
  class space    used 4623K, capacity 4916K, committed 4992K, reserved 1048576K
}
Event: 4.564 GC heap before
{Heap before GC invocations=12 (full 2):
 PSYoungGen      total 111616K, used 99840K [0x00000000d5580000, 0x00000000df980000, 0x0000000100000000)
  eden space 99840K, 100% used [0x00000000d5580000,0x00000000db700000,0x00000000db700000)
  from space 11776K, 0% used [0x00000000db700000,0x00000000db700000,0x00000000dc280000)
  to   space 11264K, 0% used [0x00000000dee80000,0x00000000dee80000,0x00000000df980000)
 ParOldGen       total 83456K, used 13470K [0x0000000080000000, 0x0000000085180000, 0x00000000d5580000)
  object space 83456K, 16% used [0x0000000080000000,0x0000000080d279d8,0x0000000085180000)
 Metaspace       used 39714K, capacity 41242K, committed 41560K, reserved 1085440K
  class space    used 5321K, capacity 5643K, committed 5760K, reserved 1048576K
Event: 4.573 GC heap after
Heap after GC invocations=12 (full 2):
 PSYoungGen      total 145408K, used 10130K [0x00000000d5580000, 0x00000000df880000, 0x0000000100000000)
  eden space 135168K, 0% used [0x00000000d5580000,0x00000000d5580000,0x00000000dd980000)
  from space 10240K, 98% used [0x00000000dee80000,0x00000000df864ac8,0x00000000df880000)
  to   space 12288K, 0% used [0x00000000de080000,0x00000000de080000,0x00000000dec80000)
 ParOldGen       total 83456K, used 13478K [0x0000000080000000, 0x0000000085180000, 0x00000000d5580000)
  object space 83456K, 16% used [0x0000000080000000,0x0000000080d299d8,0x0000000085180000)
 Metaspace       used 39714K, capacity 41242K, committed 41560K, reserved 1085440K
  class space    used 5321K, capacity 5643K, committed 5760K, reserved 1048576K
}
Event: 5.822 GC heap before
{Heap before GC invocations=13 (full 2):
 PSYoungGen      total 145408K, used 145298K [0x00000000d5580000, 0x00000000df880000, 0x0000000100000000)
  eden space 135168K, 100% used [0x00000000d5580000,0x00000000dd980000,0x00000000dd980000)
  from space 10240K, 98% used [0x00000000dee80000,0x00000000df864ac8,0x00000000df880000)
  to   space 12288K, 0% used [0x00000000de080000,0x00000000de080000,0x00000000dec80000)
 ParOldGen       total 83456K, used 13478K [0x0000000080000000, 0x0000000085180000, 0x00000000d5580000)
  object space 83456K, 16% used [0x0000000080000000,0x0000000080d299d8,0x0000000085180000)
 Metaspace       used 48970K, capacity 51270K, committed 51544K, reserved 1093632K
  class space    used 6529K, capacity 6989K, committed 7040K, reserved 1048576K
Event: 5.836 GC heap after
Heap after GC invocations=13 (full 2):
 PSYoungGen      total 154624K, used 12277K [0x00000000d5580000, 0x00000000e2280000, 0x0000000100000000)
  eden space 142336K, 0% used [0x00000000d5580000,0x00000000d5580000,0x00000000de080000)
  from space 12288K, 99% used [0x00000000de080000,0x00000000dec7d668,0x00000000dec80000)
  to   space 15360K, 0% used [0x00000000e1380000,0x00000000e1380000,0x00000000e2280000)
 ParOldGen       total 83456K, used 18356K [0x0000000080000000, 0x0000000085180000, 0x00000000d5580000)
  object space 83456K, 21% used [0x0000000080000000,0x00000000811ed158,0x0000000085180000)
 Metaspace       used 48970K, capacity 51270K, committed 51544K, reserved 1093632K
  class space    used 6529K, capacity 6989K, committed 7040K, reserved 1048576K
}
Event: 6.664 GC heap before
{Heap before GC invocations=14 (full 2):
 PSYoungGen      total 154624K, used 109447K [0x00000000d5580000, 0x00000000e2280000, 0x0000000100000000)
  eden space 142336K, 68% used [0x00000000d5580000,0x00000000db464688,0x00000000de080000)
  from space 12288K, 99% used [0x00000000de080000,0x00000000dec7d668,0x00000000dec80000)
  to   space 15360K, 0% used [0x00000000e1380000,0x00000000e1380000,0x00000000e2280000)
 ParOldGen       total 83456K, used 18356K [0x0000000080000000, 0x0000000085180000, 0x00000000d5580000)
  object space 83456K, 21% used [0x0000000080000000,0x00000000811ed158,0x0000000085180000)
 Metaspace       used 56286K, capacity 58786K, committed 58968K, reserved 1099776K
  class space    used 7419K, capacity 7951K, committed 8064K, reserved 1048576K
Event: 6.681 GC heap after
Heap after GC invocations=14 (full 2):
 PSYoungGen      total 193536K, used 12567K [0x00000000d5580000, 0x00000000e2c00000, 0x0000000100000000)
  eden space 178176K, 0% used [0x00000000d5580000,0x00000000d5580000,0x00000000e0380000)
  from space 15360K, 81% used [0x00000000e1380000,0x00000000e1fc5ec0,0x00000000e2280000)
  to   space 16384K, 0% used [0x00000000e0380000,0x00000000e0380000,0x00000000e1380000)
 ParOldGen       total 83456K, used 28282K [0x0000000080000000, 0x0000000085180000, 0x00000000d5580000)
  object space 83456K, 33% used [0x0000000080000000,0x0000000081b9eb28,0x0000000085180000)
 Metaspace       used 56286K, capacity 58786K, committed 58968K, reserved 1099776K
  class space    used 7419K, capacity 7951K, committed 8064K, reserved 1048576K
}
Event: 6.681 GC heap before
{Heap before GC invocations=15 (full 3):
 PSYoungGen      total 193536K, used 12567K [0x00000000d5580000, 0x00000000e2c00000, 0x0000000100000000)
  eden space 178176K, 0% used [0x00000000d5580000,0x00000000d5580000,0x00000000e0380000)
  from space 15360K, 81% used [0x00000000e1380000,0x00000000e1fc5ec0,0x00000000e2280000)
  to   space 16384K, 0% used [0x00000000e0380000,0x00000000e0380000,0x00000000e1380000)
 ParOldGen       total 83456K, used 28282K [0x0000000080000000, 0x0000000085180000, 0x00000000d5580000)
  object space 83456K, 33% used [0x0000000080000000,0x0000000081b9eb28,0x0000000085180000)
 Metaspace       used 56286K, capacity 58786K, committed 58968K, reserved 1099776K
  class space    used 7419K, capacity 7951K, committed 8064K, reserved 1048576K
Event: 6.864 GC heap after
Heap after GC invocations=15 (full 3):
 PSYoungGen      total 193536K, used 0K [0x00000000d5580000, 0x00000000e2c00000, 0x0000000100000000)
  eden space 178176K, 0% used [0x00000000d5580000,0x00000000d5580000,0x00000000e0380000)
  from space 15360K, 0% used [0x00000000e1380000,0x00000000e1380000,0x00000000e2280000)
  to   space 16384K, 0% used [0x00000000e0380000,0x00000000e0380000,0x00000000e1380000)
 ParOldGen       total 83456K, used 33974K [0x0000000080000000, 0x0000000085180000, 0x00000000d5580000)
  object space 83456K, 40% used [0x0000000080000000,0x000000008212d910,0x0000000085180000)
 Metaspace       used 56201K, capacity 58550K, committed 58968K, reserved 1099776K
  class space    used 7396K, capacity 7917K, committed 8064K, reserved 1048576K
}

